[debug] [2023-09-20T01:19:51.602Z] ----------------------------------------------------------------------
[debug] [2023-09-20T01:19:51.604Z] Command:       C:\Program Files\nodejs\node.exe C:\Users\austi\AppData\Roaming\npm\node_modules\firebase-tools\lib\bin\firebase.js login
[debug] [2023-09-20T01:19:51.604Z] CLI Version:   12.5.4
[debug] [2023-09-20T01:19:51.604Z] Platform:      win32
[debug] [2023-09-20T01:19:51.605Z] Node Version:  v18.13.0
[debug] [2023-09-20T01:19:51.606Z] Time:          Tue Sep 19 2023 19:19:51 GMT-0600 (Mountain Daylight Saving Time)
[debug] [2023-09-20T01:19:51.606Z] ----------------------------------------------------------------------
[debug] 
[info] Already logged in as austinkabanda@gmail.com
[debug] [2023-09-20T01:20:01.678Z] Error: Timed out.
    at Timeout._onTimeout (C:\Users\austi\AppData\Roaming\npm\node_modules\firebase-tools\lib\utils.js:254:49)
    at listOnTimeout (node:internal/timers:564:17)
    at process.processTimers (node:internal/timers:507:7)
[error] 
[error] Error: An unexpected error has occurred.
[debug] [2023-09-20T01:20:15.210Z] ----------------------------------------------------------------------
[debug] [2023-09-20T01:20:15.212Z] Command:       C:\Program Files\nodejs\node.exe C:\Users\austi\AppData\Roaming\npm\node_modules\firebase-tools\lib\bin\firebase.js init
[debug] [2023-09-20T01:20:15.213Z] CLI Version:   12.5.4
[debug] [2023-09-20T01:20:15.213Z] Platform:      win32
[debug] [2023-09-20T01:20:15.213Z] Node Version:  v18.13.0
[debug] [2023-09-20T01:20:15.214Z] Time:          Tue Sep 19 2023 19:20:15 GMT-0600 (Mountain Daylight Saving Time)
[debug] [2023-09-20T01:20:15.214Z] ----------------------------------------------------------------------
[debug] 
[debug] [2023-09-20T01:20:15.222Z] > command requires scopes: ["email","openid","https://www.googleapis.com/auth/cloudplatformprojects.readonly","https://www.googleapis.com/auth/firebase","https://www.googleapis.com/auth/cloud-platform"]
[debug] [2023-09-20T01:20:15.222Z] > authorizing via signed-in user (austinkabanda@gmail.com)
[info] 
     ######## #### ########  ######## ########     ###     ######  ########
     ##        ##  ##     ## ##       ##     ##  ##   ##  ##       ##
     ######    ##  ########  ######   ########  #########  ######  ######
     ##        ##  ##    ##  ##       ##     ## ##     ##       ## ##
     ##       #### ##     ## ######## ########  ##     ##  ######  ########

You're about to initialize a Firebase project in this directory:

  C:\Users\austi\Desktop\Code\MimisTea

[info] 
=== Project Setup
[info] 
[info] First, let's associate this project directory with a Firebase project.
[info] You can create multiple project aliases by running firebase use --add, 
[info] but for now we'll just set up a default project.
[info] 
[debug] [2023-09-20T01:22:25.756Z] > refreshing access token with scopes: []
[debug] [2023-09-20T01:22:25.757Z] >>> [apiv2][query] POST https://www.googleapis.com/oauth2/v3/token [none]
[debug] [2023-09-20T01:22:25.758Z] >>> [apiv2][body] POST https://www.googleapis.com/oauth2/v3/token [omitted]
[debug] [2023-09-20T01:22:25.997Z] <<< [apiv2][status] POST https://www.googleapis.com/oauth2/v3/token 200
[debug] [2023-09-20T01:22:25.997Z] <<< [apiv2][body] POST https://www.googleapis.com/oauth2/v3/token [omitted]
[debug] [2023-09-20T01:22:26.013Z] >>> [apiv2][query] GET https://firebase.googleapis.com/v1beta1/projects pageSize=100
[debug] [2023-09-20T01:22:26.535Z] <<< [apiv2][status] GET https://firebase.googleapis.com/v1beta1/projects 200
[debug] [2023-09-20T01:22:26.535Z] <<< [apiv2][body] GET https://firebase.googleapis.com/v1beta1/projects [omitted]
[info] i  Using project mimi-s-tea (Mimi's Tea) 
[info] 
=== Firestore Setup
[debug] [2023-09-20T01:22:35.155Z] >>> [apiv2][query] GET https://serviceusage.googleapis.com/v1/projects/mimi-s-tea/services/firestore.googleapis.com [none]
[debug] [2023-09-20T01:22:35.155Z] >>> [apiv2][(partial)header] GET https://serviceusage.googleapis.com/v1/projects/mimi-s-tea/services/firestore.googleapis.com x-goog-quota-user=projects/mimi-s-tea
[debug] [2023-09-20T01:22:35.516Z] <<< [apiv2][status] GET https://serviceusage.googleapis.com/v1/projects/mimi-s-tea/services/firestore.googleapis.com 200
[debug] [2023-09-20T01:22:35.516Z] <<< [apiv2][body] GET https://serviceusage.googleapis.com/v1/projects/mimi-s-tea/services/firestore.googleapis.com [omitted]
[debug] [2023-09-20T01:22:40.532Z] Error: Timed out.
    at Timeout._onTimeout (C:\Users\austi\AppData\Roaming\npm\node_modules\firebase-tools\lib\utils.js:254:49)
    at listOnTimeout (node:internal/timers:564:17)
    at process.processTimers (node:internal/timers:507:7)
[error] 
[error] Error: An unexpected error has occurred.
[debug] [2023-09-20T01:22:55.156Z] ----------------------------------------------------------------------
[debug] [2023-09-20T01:22:55.158Z] Command:       C:\Program Files\nodejs\node.exe C:\Users\austi\AppData\Roaming\npm\node_modules\firebase-tools\lib\bin\firebase.js init
[debug] [2023-09-20T01:22:55.158Z] CLI Version:   12.5.4
[debug] [2023-09-20T01:22:55.158Z] Platform:      win32
[debug] [2023-09-20T01:22:55.158Z] Node Version:  v18.13.0
[debug] [2023-09-20T01:22:55.159Z] Time:          Tue Sep 19 2023 19:22:55 GMT-0600 (Mountain Daylight Saving Time)
[debug] [2023-09-20T01:22:55.159Z] ----------------------------------------------------------------------
[debug] 
[debug] [2023-09-20T01:22:55.167Z] > command requires scopes: ["email","openid","https://www.googleapis.com/auth/cloudplatformprojects.readonly","https://www.googleapis.com/auth/firebase","https://www.googleapis.com/auth/cloud-platform"]
[debug] [2023-09-20T01:22:55.168Z] > authorizing via signed-in user (austinkabanda@gmail.com)
[info] 
     ######## #### ########  ######## ########     ###     ######  ########
     ##        ##  ##     ## ##       ##     ##  ##   ##  ##       ##
     ######    ##  ########  ######   ########  #########  ######  ######
     ##        ##  ##    ##  ##       ##     ## ##     ##       ## ##
     ##       #### ##     ## ######## ########  ##     ##  ######  ########

You're about to initialize a Firebase project in this directory:

  C:\Users\austi\Desktop\Code\MimisTea

[debug] [2023-09-20T01:23:05.465Z] Error: Timed out.
    at Timeout._onTimeout (C:\Users\austi\AppData\Roaming\npm\node_modules\firebase-tools\lib\utils.js:254:49)
    at listOnTimeout (node:internal/timers:564:17)
    at process.processTimers (node:internal/timers:507:7)
[error] 
[error] Error: An unexpected error has occurred.
[debug] [2023-09-20T01:23:10.263Z] ----------------------------------------------------------------------
[debug] [2023-09-20T01:23:10.265Z] Command:       C:\Program Files\nodejs\node.exe C:\Users\austi\AppData\Roaming\npm\node_modules\firebase-tools\lib\bin\firebase.js init
[debug] [2023-09-20T01:23:10.265Z] CLI Version:   12.5.4
[debug] [2023-09-20T01:23:10.265Z] Platform:      win32
[debug] [2023-09-20T01:23:10.266Z] Node Version:  v18.13.0
[debug] [2023-09-20T01:23:10.266Z] Time:          Tue Sep 19 2023 19:23:10 GMT-0600 (Mountain Daylight Saving Time)
[debug] [2023-09-20T01:23:10.266Z] ----------------------------------------------------------------------
[debug] 
[debug] [2023-09-20T01:23:10.275Z] > command requires scopes: ["email","openid","https://www.googleapis.com/auth/cloudplatformprojects.readonly","https://www.googleapis.com/auth/firebase","https://www.googleapis.com/auth/cloud-platform"]
[debug] [2023-09-20T01:23:10.275Z] > authorizing via signed-in user (austinkabanda@gmail.com)
[info] 
     ######## #### ########  ######## ########     ###     ######  ########
     ##        ##  ##     ## ##       ##     ##  ##   ##  ##       ##
     ######    ##  ########  ######   ########  #########  ######  ######
     ##        ##  ##    ##  ##       ##     ## ##     ##       ## ##
     ##       #### ##     ## ######## ########  ##     ##  ######  ########

You're about to initialize a Firebase project in this directory:

  C:\Users\austi\Desktop\Code\MimisTea

[info] 
=== Project Setup
[info] 
[info] First, let's associate this project directory with a Firebase project.
[info] You can create multiple project aliases by running firebase use --add, 
[info] but for now we'll just set up a default project.
[info] 
[debug] [2023-09-20T01:23:28.000Z] >>> [apiv2][query] GET https://firebase.googleapis.com/v1beta1/projects pageSize=100
[debug] [2023-09-20T01:23:29.073Z] <<< [apiv2][status] GET https://firebase.googleapis.com/v1beta1/projects 200
[debug] [2023-09-20T01:23:29.073Z] <<< [apiv2][body] GET https://firebase.googleapis.com/v1beta1/projects [omitted]
[info] i  Using project mimi-s-tea (Mimi's Tea) 
[info] 
=== Firestore Setup
[debug] [2023-09-20T01:23:30.009Z] >>> [apiv2][query] GET https://serviceusage.googleapis.com/v1/projects/mimi-s-tea/services/firestore.googleapis.com [none]
[debug] [2023-09-20T01:23:30.009Z] >>> [apiv2][(partial)header] GET https://serviceusage.googleapis.com/v1/projects/mimi-s-tea/services/firestore.googleapis.com x-goog-quota-user=projects/mimi-s-tea
[debug] [2023-09-20T01:23:30.559Z] <<< [apiv2][status] GET https://serviceusage.googleapis.com/v1/projects/mimi-s-tea/services/firestore.googleapis.com 200
[debug] [2023-09-20T01:23:30.559Z] <<< [apiv2][body] GET https://serviceusage.googleapis.com/v1/projects/mimi-s-tea/services/firestore.googleapis.com [omitted]
[debug] [2023-09-20T01:23:35.577Z] Error: Timed out.
    at Timeout._onTimeout (C:\Users\austi\AppData\Roaming\npm\node_modules\firebase-tools\lib\utils.js:254:49)
    at listOnTimeout (node:internal/timers:564:17)
    at process.processTimers (node:internal/timers:507:7)
[error] 
[error] Error: An unexpected error has occurred.
